<?xml version="1.0" encoding="UTF-8" standalone="no"?>
<testsuite errors="0" failures="0" name="io.cucumber.core.plugin.JUnitFormatter" skipped="0" tests="2" time="0.217">
    <testcase classname="Check home page functionality" name="check logout link" time="0.027">
        <system-out><![CDATA[Given user is logged in.....................................................passed
When user clicks on welcome link............................................passed
Then logout link is displayed...............................................passed
]]></system-out>
    </testcase>
    <testcase classname="Check home page functionality" name="verify quick launch toolbar is present" time="0.003">
        <system-out><![CDATA[Given user is logged in.....................................................passed
When user clicks on dashboard link..........................................passed
Then quick launch toolbar is displayed......................................passed
]]></system-out>
    </testcase>
</testsuite>
